{"/Users/admin/Documents/web-projects/bookspot-web-backend/server/dbconnection/databaseConnection.ts": {"path":"/Users/admin/Documents/web-projects/bookspot-web-backend/server/dbconnection/databaseConnection.ts","statementMap":{"0":{"start":{"line":1,"column":0},"end":{"line":1,"column":38}},"1":{"start":{"line":3,"column":31},"end":{"line":14,"column":null}},"2":{"start":{"line":3,"column":40},"end":{"line":14,"column":null}},"3":{"start":{"line":4,"column":20},"end":{"line":7,"column":4}},"4":{"start":{"line":8,"column":2},"end":{"line":13,"column":3}},"5":{"start":{"line":9,"column":4},"end":{"line":9,"column":35}},"6":{"start":{"line":10,"column":4},"end":{"line":10,"column":65}},"7":{"start":{"line":12,"column":4},"end":{"line":12,"column":63}},"8":{"start":{"line":15,"column":0},"end":{"line":15,"column":40}}},"fnMap":{"0":{"name":"(anonymous_7)","decl":{"start":{"line":3,"column":31},"end":{"line":3,"column":38}},"loc":{"start":{"line":3,"column":40},"end":{"line":14,"column":null}}},"1":{"name":"(anonymous_8)","decl":{"start":{"line":3,"column":40},"end":{"line":3,"column":null}},"loc":{"start":{"line":3,"column":40},"end":{"line":14,"column":1}}}},"branchMap":{},"s":{"0":1,"1":1,"2":1,"3":1,"4":1,"5":1,"6":1,"7":0,"8":1},"f":{"0":1,"1":1},"b":{}}
}
